<?xml version="1.0" encoding="UTF-8"?>
<testsuite xmlns:xsi="http://www.w3.org/2001/XMLSchema-instance" xsi:noNamespaceSchemaLocation="https://maven.apache.org/surefire/maven-surefire-plugin/xsd/surefire-test-report-3.0.xsd" version="3.0" name="com.ejemplo.biblioteca.service.LibroServiceTest" time="3.824" tests="5" errors="0" skipped="0" failures="0">
  <properties>
[...]
</properties>
  <testcase name="deleteRemovesLibro" classname="com.ejemplo.biblioteca.service.LibroServiceTest" time="0.468">
    <system-out><![CDATA[10:05:02.326 [main] INFO org.springframework.test.context.support.AnnotationConfigContextLoaderUtils -- Could not detect default configuration classes for test class [com.ejemplo.biblioteca.service.LibroServiceTest]: LibroServiceTest does not declare any static, non-private, non-final, nested classes annotated with @Configuration.
10:05:02.446 [main] INFO org.springframework.boot.test.context.SpringBootTestContextBootstrapper -- Found @SpringBootConfiguration com.ejemplo.biblioteca.BibliotecaApplication for test class com.ejemplo.biblioteca.service.LibroServiceTest

  .   ____          _            __ _ _
 /\\ / ___'_ __ _ _(_)_ __  __ _ \ \ \ \
( ( )\___ | '_ | '_| | '_ \/ _` | \ \ \ \
 \\/  ___)| |_)| | | | | || (_| |  ) ) ) )
  '  |____| .__|_| |_|_| |_\__, | / / / /
 =========|_|==============|___/=/_/_/_/
 :: Spring Boot ::                (v3.2.5)

2025-10-21T10:05:02.683-03:00  INFO 12143 --- [           main] c.e.biblioteca.service.LibroServiceTest  : Starting LibroServiceTest using Java 21.0.8 with PID 12143 (started by juanloncha in /home/juanloncha/Documents/LicCienciasComp/Sem6/IngSoftware2/ingSoftII/SCRUM/ej4/C/greedy_biblioteca_patrones/server)
2025-10-21T10:05:02.684-03:00  INFO 12143 --- [           main] c.e.biblioteca.service.LibroServiceTest  : The following 1 profile is active: "test"
2025-10-21T10:05:03.182-03:00  INFO 12143 --- [           main] .s.d.r.c.RepositoryConfigurationDelegate : Bootstrapping Spring Data JPA repositories in DEFAULT mode.
2025-10-21T10:05:03.222-03:00  INFO 12143 --- [           main] .s.d.r.c.RepositoryConfigurationDelegate : Finished Spring Data repository scanning in 32 ms. Found 4 JPA repository interfaces.
2025-10-21T10:05:03.484-03:00  INFO 12143 --- [           main] o.hibernate.jpa.internal.util.LogHelper  : HHH000204: Processing PersistenceUnitInfo [name: default]
2025-10-21T10:05:03.539-03:00  INFO 12143 --- [           main] org.hibernate.Version                    : HHH000412: Hibernate ORM core version 6.4.4.Final
2025-10-21T10:05:03.566-03:00  INFO 12143 --- [           main] o.h.c.internal.RegionFactoryInitiator    : HHH000026: Second-level cache disabled
2025-10-21T10:05:03.746-03:00  INFO 12143 --- [           main] o.s.o.j.p.SpringPersistenceUnitInfo      : No LoadTimeWeaver setup: ignoring JPA class transformer
2025-10-21T10:05:03.767-03:00  INFO 12143 --- [           main] com.zaxxer.hikari.HikariDataSource       : HikariPool-1 - Starting...
2025-10-21T10:05:03.890-03:00  INFO 12143 --- [           main] com.zaxxer.hikari.pool.HikariPool        : HikariPool-1 - Added connection conn0: url=jdbc:h2:mem:biblioteca user=SA
2025-10-21T10:05:03.891-03:00  INFO 12143 --- [           main] com.zaxxer.hikari.HikariDataSource       : HikariPool-1 - Start completed.
2025-10-21T10:05:03.909-03:00  WARN 12143 --- [           main] org.hibernate.orm.deprecation            : HHH90000025: H2Dialect does not need to be specified explicitly using 'hibernate.dialect' (remove the property setting and it will be selected by default)
2025-10-21T10:05:04.449-03:00  INFO 12143 --- [           main] o.h.e.t.j.p.i.JtaPlatformInitiator       : HHH000489: No JTA platform available (set 'hibernate.transaction.jta.platform' to enable JTA platform integration)
2025-10-21T10:05:04.482-03:00  INFO 12143 --- [           main] j.LocalContainerEntityManagerFactoryBean : Initialized JPA EntityManagerFactory for persistence unit 'default'
2025-10-21T10:05:04.651-03:00  INFO 12143 --- [           main] o.s.d.j.r.query.QueryEnhancerFactory     : Hibernate is in classpath; If applicable, HQL parser will be used.
2025-10-21T10:05:05.243-03:00  WARN 12143 --- [           main] JpaBaseConfiguration$JpaWebConfiguration : spring.jpa.open-in-view is enabled by default. Therefore, database queries may be performed during view rendering. Explicitly configure spring.jpa.open-in-view to disable this warning
2025-10-21T10:05:05.502-03:00  INFO 12143 --- [           main] c.e.biblioteca.service.LibroServiceTest  : Started LibroServiceTest in 2.968 seconds (process running for 3.614)
]]></system-out>
    <system-err><![CDATA[WARNING: A Java agent has been loaded dynamically (/home/juanloncha/.m2/repository/net/bytebuddy/byte-buddy-agent/1.14.13/byte-buddy-agent-1.14.13.jar)
WARNING: If a serviceability tool is in use, please run with -XX:+EnableDynamicAgentLoading to hide this warning
WARNING: If a serviceability tool is not in use, please run with -Djdk.instrument.traceUsage for more information
WARNING: Dynamic loading of agents will be disallowed by default in a future release
]]></system-err>
  </testcase>
  <testcase name="createPersistsLibroAndResolvesRelations" classname="com.ejemplo.biblioteca.service.LibroServiceTest" time="0.014"/>
  <testcase name="deleteUnknownLibroThrowsException" classname="com.ejemplo.biblioteca.service.LibroServiceTest" time="0.012"/>
  <testcase name="updateMergesFieldsAndRelations" classname="com.ejemplo.biblioteca.service.LibroServiceTest" time="0.01"/>
  <testcase name="createWithFutureDateThrowsException" classname="com.ejemplo.biblioteca.service.LibroServiceTest" time="0.01"/>
</testsuite>